C:\Program Files (x86)\Microsoft Visual Studio\2019\Community\MSBuild\Microsoft\VC\v160\Microsoft.CppBuild.targets(499,5): warning MSB8004: Output Directory does not end with a trailing slash.  This build instance will add the slash as it is required to allow proper evaluation of the Output Directory.
  AnimatedSprite.cpp
D:\repos\Frankenstein\src\Frankenstein\AnimatedSprite.cpp(18,14): warning C4244: 'argument': conversion from 'float' to 'int', possible loss of data
D:\repos\Frankenstein\src\Frankenstein\AnimatedSprite.cpp(20,14): warning C4244: 'argument': conversion from 'float' to 'int', possible loss of data
  animation.cpp
D:\repos\Frankenstein\src\Frankenstein\animation.cpp(13,55): warning C4244: 'initializing': conversion from 'double' to 'float', possible loss of data
D:\repos\Frankenstein\src\Frankenstein\animation.cpp(14,17): warning C4244: 'initializing': conversion from 'double' to 'float', possible loss of data
D:\repos\Frankenstein\src\Frankenstein\animation.cpp(20,37): warning C4244: '+=': conversion from 'float' to 'int', possible loss of data
  AnimationDef.cpp
D:\repos\Frankenstein\src\Frankenstein\AnimationDef.cpp(8,103): warning C4267: 'initializing': conversion from 'size_t' to 'int', possible loss of data
D:\repos\Frankenstein\src\Frankenstein\AnimationDef.cpp(17,19): warning C4244: '=': conversion from 'double' to 'float', possible loss of data
  DrawUtils.cpp
  main.cpp
D:\repos\Frankenstein\src\Frankenstein\main.cpp(138,13): warning C4244: 'argument': conversion from 'time_t' to 'unsigned int', possible loss of data
D:\repos\Frankenstein\src\Frankenstein\main.cpp(205,28): warning C4244: '=': conversion from 'unsigned int' to 'float', possible loss of data
  Observer.cpp
  Orc.cpp
  Player.cpp
  Skeleton.cpp
D:\repos\Frankenstein\src\Frankenstein\Skeleton.cpp(29,14): warning C4244: 'argument': conversion from 'float' to 'int', possible loss of data
D:\repos\Frankenstein\src\Frankenstein\Skeleton.cpp(31,14): warning C4244: 'argument': conversion from 'float' to 'int', possible loss of data
  Sprite.cpp
D:\repos\Frankenstein\src\Frankenstein\Sprite.cpp(23,14): warning C4244: 'argument': conversion from 'float' to 'int', possible loss of data
D:\repos\Frankenstein\src\Frankenstein\Sprite.cpp(29,14): warning C4244: 'argument': conversion from 'float' to 'int', possible loss of data
  StoreClerk.cpp
  TextString.cpp
  Vector2D.cpp
D:\repos\Frankenstein\src\Frankenstein\Vector2D.cpp(80,13): warning C4244: 'return': conversion from 'double' to 'float', possible loss of data
D:\repos\Frankenstein\src\Frankenstein\Vector2D.cpp(87,23): warning C4244: 'initializing': conversion from 'double' to 'float', possible loss of data
  Generating Code...
  Frankenstein.vcxproj -> D:\repos\Frankenstein\bin\x64\Debug\Frankenstein.exe
