d:\repos\frankenstein\src\frankenstein\debug\vc142.pdb
d:\repos\frankenstein\src\frankenstein\debug\vc142.idb
d:\repos\frankenstein\src\frankenstein\debug\vector2d.obj
d:\repos\frankenstein\src\frankenstein\debug\textstring.obj
d:\repos\frankenstein\src\frankenstein\debug\storeclerk.obj
d:\repos\frankenstein\src\frankenstein\debug\sprite.obj
d:\repos\frankenstein\src\frankenstein\debug\skeleton.obj
d:\repos\frankenstein\src\frankenstein\debug\player.obj
d:\repos\frankenstein\src\frankenstein\debug\orc.obj
d:\repos\frankenstein\src\frankenstein\debug\observer.obj
d:\repos\frankenstein\src\frankenstein\debug\main.obj
d:\repos\frankenstein\src\frankenstein\debug\drawutils.obj
d:\repos\frankenstein\src\frankenstein\debug\animationdef.obj
d:\repos\frankenstein\src\frankenstein\debug\animation.obj
d:\repos\frankenstein\src\frankenstein\debug\animatedsprite.obj
d:\repos\frankenstein\src\frankenstein\debug\frankenstein.ilk
d:\repos\frankenstein\bin\x86\debug\frankenstein.exe
d:\repos\frankenstein\bin\x86\debug\frankenstein.pdb
d:\repos\frankenstein\src\frankenstein\debug\frankenstein.tlog\cl.command.1.tlog
d:\repos\frankenstein\src\frankenstein\debug\frankenstein.tlog\cl.read.1.tlog
d:\repos\frankenstein\src\frankenstein\debug\frankenstein.tlog\cl.write.1.tlog
d:\repos\frankenstein\src\frankenstein\debug\frankenstein.tlog\link.command.1.tlog
d:\repos\frankenstein\src\frankenstein\debug\frankenstein.tlog\link.read.1.tlog
d:\repos\frankenstein\src\frankenstein\debug\frankenstein.tlog\link.write.1.tlog
