d:\repos\frankenstein\src\frankenstein\release\vc142.pdb
d:\repos\frankenstein\src\frankenstein\release\vector2d.obj
d:\repos\frankenstein\src\frankenstein\release\textstring.obj
d:\repos\frankenstein\src\frankenstein\release\storeclerk.obj
d:\repos\frankenstein\src\frankenstein\release\sprite.obj
d:\repos\frankenstein\src\frankenstein\release\skeleton.obj
d:\repos\frankenstein\src\frankenstein\release\player.obj
d:\repos\frankenstein\src\frankenstein\release\orc.obj
d:\repos\frankenstein\src\frankenstein\release\observer.obj
d:\repos\frankenstein\src\frankenstein\release\main.obj
d:\repos\frankenstein\src\frankenstein\release\drawutils.obj
d:\repos\frankenstein\src\frankenstein\release\animationdef.obj
d:\repos\frankenstein\src\frankenstein\release\animation.obj
d:\repos\frankenstein\src\frankenstein\release\animatedsprite.obj
d:\repos\frankenstein\bin\x86\release\frankenstein.exe
d:\repos\frankenstein\src\frankenstein\release\frankenstein.ipdb
d:\repos\frankenstein\src\frankenstein\release\frankenstein.iobj
d:\repos\frankenstein\bin\x86\release\frankenstein.pdb
d:\repos\frankenstein\src\frankenstein\release\frankenstein.tlog\cl.command.1.tlog
d:\repos\frankenstein\src\frankenstein\release\frankenstein.tlog\cl.read.1.tlog
d:\repos\frankenstein\src\frankenstein\release\frankenstein.tlog\cl.write.1.tlog
d:\repos\frankenstein\src\frankenstein\release\frankenstein.tlog\link.command.1.tlog
d:\repos\frankenstein\src\frankenstein\release\frankenstein.tlog\link.read.1.tlog
d:\repos\frankenstein\src\frankenstein\release\frankenstein.tlog\link.write.1.tlog
